<?xml version="1.0" encoding="UTF-8"?>
<!-- Generated by org.testng.reporters.JUnitReportReporter -->
<testsuite hostname="fv-az254-120" failures="0" tests="4" name="com.ea.springbasic.runner.TestRunner" time="70.530" errors="0" timestamp="2023-07-06T14:17:55 UTC" skipped="0">
  <testcase classname="com.ea.springbasic.runner.TestRunner" name="runScenario" time="17.627"/>
  <testcase classname="com.ea.springbasic.runner.TestRunner" name="runScenario" time="17.644"/>
  <testcase classname="com.ea.springbasic.runner.TestRunner" name="runScenario" time="17.617"/>
  <testcase classname="com.ea.springbasic.runner.TestRunner" name="runScenario" time="17.642"/>
</testsuite> <!-- com.ea.springbasic.runner.TestRunner -->
