<?xml version="1.0" encoding="UTF-8"?>
<!-- Generated by org.testng.reporters.JUnitReportReporter -->
<testsuite hostname="fv-az1032-415" failures="0" tests="4" name="com.ea.springbasic.runner.TestRunner" time="37.669" errors="0" timestamp="2023-07-06T14:19:10 UTC" skipped="0">
  <testcase classname="com.ea.springbasic.runner.TestRunner" name="runScenario" time="9.521"/>
  <testcase classname="com.ea.springbasic.runner.TestRunner" name="runScenario" time="9.509"/>
  <testcase classname="com.ea.springbasic.runner.TestRunner" name="runScenario" time="9.216"/>
  <testcase classname="com.ea.springbasic.runner.TestRunner" name="runScenario" time="9.423"/>
</testsuite> <!-- com.ea.springbasic.runner.TestRunner -->
