<?xml version="1.0" encoding="UTF-8"?>
<!-- Generated by org.testng.reporters.JUnitReportReporter -->
<testsuite hostname="fv-az615-26" failures="0" tests="4" name="com.ea.springbasic.runner.TestRunner" time="48.599" errors="0" timestamp="2023-07-06T13:59:56 UTC" skipped="0">
  <testcase classname="com.ea.springbasic.runner.TestRunner" name="runScenario" time="12.094"/>
  <testcase classname="com.ea.springbasic.runner.TestRunner" name="runScenario" time="12.145"/>
  <testcase classname="com.ea.springbasic.runner.TestRunner" name="runScenario" time="12.195"/>
  <testcase classname="com.ea.springbasic.runner.TestRunner" name="runScenario" time="12.165"/>
</testsuite> <!-- com.ea.springbasic.runner.TestRunner -->
